2024-03-26 11:25:31,653 INFO o.s.b.StartupInfoLogger [main] Starting Main using Java 17.0.10 with PID 1160 (C:\Users\A75211\IdeaProjects\capstone-backend\target\classes started by A75211 in C:\Users\A75211\IdeaProjects\capstone-backend)
2024-03-26 11:25:31,658 INFO o.s.b.SpringApplication [main] No active profile set, falling back to 1 default profile: "default"
2024-03-26 11:25:33,190 INFO o.s.d.r.c.RepositoryConfigurationDelegate [main] Bootstrapping Spring Data JPA repositories in DEFAULT mode.
2024-03-26 11:25:33,257 INFO o.s.d.r.c.RepositoryConfigurationDelegate [main] Finished Spring Data repository scanning in 57 ms. Found 2 JPA repository interfaces.
2024-03-26 11:25:34,229 INFO o.s.b.w.e.t.TomcatWebServer [main] Tomcat initialized with port 8080 (http)
2024-03-26 11:25:34,240 INFO o.a.j.l.DirectJDKLog [main] Initializing ProtocolHandler ["http-nio-8080"]
2024-03-26 11:25:34,242 INFO o.a.j.l.DirectJDKLog [main] Starting service [Tomcat]
2024-03-26 11:25:34,243 INFO o.a.j.l.DirectJDKLog [main] Starting Servlet engine: [Apache Tomcat/10.1.19]
2024-03-26 11:25:34,375 INFO o.a.j.l.DirectJDKLog [main] Initializing Spring embedded WebApplicationContext
2024-03-26 11:25:34,377 INFO o.s.b.w.s.c.ServletWebServerApplicationContext [main] Root WebApplicationContext: initialization completed in 2626 ms
2024-03-26 11:25:34,752 INFO o.h.j.i.u.LogHelper [main] HHH000204: Processing PersistenceUnitInfo [name: default]
2024-03-26 11:25:34,842 INFO o.h.Version [main] HHH000412: Hibernate ORM core version 6.4.4.Final
2024-03-26 11:25:34,886 INFO o.h.c.i.RegionFactoryInitiator [main] HHH000026: Second-level cache disabled
2024-03-26 11:25:35,188 INFO o.s.o.j.p.SpringPersistenceUnitInfo [main] No LoadTimeWeaver setup: ignoring JPA class transformer
2024-03-26 11:25:35,230 INFO c.z.h.HikariDataSource [main] HikariPool-1 - Starting...
2024-03-26 11:25:35,442 INFO c.z.h.p.HikariPool [main] HikariPool-1 - Added connection conn0: url=jdbc:h2:mem:1164f713-ca29-4aa8-8c82-165cca9f5dae user=SA
2024-03-26 11:25:35,444 INFO c.z.h.HikariDataSource [main] HikariPool-1 - Start completed.
2024-03-26 11:25:36,533 INFO o.h.e.t.j.p.i.JtaPlatformInitiator [main] HHH000489: No JTA platform available (set 'hibernate.transaction.jta.platform' to enable JTA platform integration)
2024-03-26 11:25:36,582 INFO o.s.o.j.AbstractEntityManagerFactoryBean [main] Initialized JPA EntityManagerFactory for persistence unit 'default'
2024-03-26 11:25:37,028 WARN o.s.b.a.o.j.JpaBaseConfiguration$JpaWebConfiguration [main] spring.jpa.open-in-view is enabled by default. Therefore, database queries may be performed during view rendering. Explicitly configure spring.jpa.open-in-view to disable this warning
2024-03-26 11:25:37,765 INFO o.s.b.a.e.w.EndpointLinksResolver [main] Exposing 1 endpoint(s) beneath base path '/actuator'
2024-03-26 11:25:37,829 INFO o.a.j.l.DirectJDKLog [main] Starting ProtocolHandler ["http-nio-8080"]
2024-03-26 11:25:37,858 INFO o.s.b.w.e.t.TomcatWebServer [main] Tomcat started on port 8080 (http) with context path ''
2024-03-26 11:25:37,879 INFO o.s.b.StartupInfoLogger [main] Started Main in 7.217 seconds (process running for 7.925)
2024-03-26 11:26:43,416 INFO o.a.j.l.DirectJDKLog [http-nio-8080-exec-1] Initializing Spring DispatcherServlet 'dispatcherServlet'
2024-03-26 11:26:43,417 INFO o.s.w.s.FrameworkServlet [http-nio-8080-exec-1] Initializing Servlet 'dispatcherServlet'
2024-03-26 11:26:43,418 INFO o.s.w.s.FrameworkServlet [http-nio-8080-exec-1] Completed initialization in 1 ms
2024-03-26 11:26:43,660 INFO o.c.s.AdminService [http-nio-8080-exec-1] Employee List returned: []
2024-03-26 11:26:58,654 INFO o.s.o.j.AbstractEntityManagerFactoryBean [SpringApplicationShutdownHook] Closing JPA EntityManagerFactory for persistence unit 'default'
2024-03-26 11:26:58,662 INFO c.z.h.HikariDataSource [SpringApplicationShutdownHook] HikariPool-1 - Shutdown initiated...
2024-03-26 11:26:58,664 INFO c.z.h.HikariDataSource [SpringApplicationShutdownHook] HikariPool-1 - Shutdown completed.
2024-03-26 12:17:56,564 INFO o.s.b.StartupInfoLogger [main] Starting Main using Java 21.0.2 with PID 17380 (C:\Users\A75211\IdeaProjects\capstone-backend\target\classes started by A75211 in C:\Users\A75211\IdeaProjects\capstone-backend)
2024-03-26 12:17:56,568 INFO o.s.b.SpringApplication [main] No active profile set, falling back to 1 default profile: "default"
2024-03-26 12:17:57,827 INFO o.s.d.r.c.RepositoryConfigurationDelegate [main] Bootstrapping Spring Data JPA repositories in DEFAULT mode.
2024-03-26 12:17:57,908 INFO o.s.d.r.c.RepositoryConfigurationDelegate [main] Finished Spring Data repository scanning in 69 ms. Found 2 JPA repository interfaces.
2024-03-26 12:17:58,894 INFO o.s.b.w.e.t.TomcatWebServer [main] Tomcat initialized with port 9004 (http)
2024-03-26 12:17:58,905 INFO o.a.j.l.DirectJDKLog [main] Initializing ProtocolHandler ["http-nio-9004"]
2024-03-26 12:17:58,908 INFO o.a.j.l.DirectJDKLog [main] Starting service [Tomcat]
2024-03-26 12:17:58,908 INFO o.a.j.l.DirectJDKLog [main] Starting Servlet engine: [Apache Tomcat/10.1.19]
2024-03-26 12:17:58,995 INFO o.a.j.l.DirectJDKLog [main] Initializing Spring embedded WebApplicationContext
2024-03-26 12:17:58,997 INFO o.s.b.w.s.c.ServletWebServerApplicationContext [main] Root WebApplicationContext: initialization completed in 2369 ms
2024-03-26 12:17:59,429 INFO o.h.j.i.u.LogHelper [main] HHH000204: Processing PersistenceUnitInfo [name: default]
2024-03-26 12:17:59,517 INFO o.h.Version [main] HHH000412: Hibernate ORM core version 6.4.4.Final
2024-03-26 12:17:59,567 INFO o.h.c.i.RegionFactoryInitiator [main] HHH000026: Second-level cache disabled
2024-03-26 12:17:59,872 INFO o.s.o.j.p.SpringPersistenceUnitInfo [main] No LoadTimeWeaver setup: ignoring JPA class transformer
2024-03-26 12:17:59,907 INFO c.z.h.HikariDataSource [main] HikariPool-1 - Starting...
2024-03-26 12:18:00,138 INFO c.z.h.p.HikariPool [main] HikariPool-1 - Added connection conn0: url=jdbc:h2:mem:8c824b06-20c2-4956-a46d-6e8f56a413b8 user=SA
2024-03-26 12:18:00,140 INFO c.z.h.HikariDataSource [main] HikariPool-1 - Start completed.
2024-03-26 12:18:01,305 INFO o.h.e.t.j.p.i.JtaPlatformInitiator [main] HHH000489: No JTA platform available (set 'hibernate.transaction.jta.platform' to enable JTA platform integration)
2024-03-26 12:18:01,350 INFO o.s.o.j.AbstractEntityManagerFactoryBean [main] Initialized JPA EntityManagerFactory for persistence unit 'default'
2024-03-26 12:18:01,849 WARN o.s.b.a.o.j.JpaBaseConfiguration$JpaWebConfiguration [main] spring.jpa.open-in-view is enabled by default. Therefore, database queries may be performed during view rendering. Explicitly configure spring.jpa.open-in-view to disable this warning
2024-03-26 12:18:02,658 INFO o.s.b.a.e.w.EndpointLinksResolver [main] Exposing 1 endpoint(s) beneath base path '/actuator'
2024-03-26 12:18:02,746 INFO o.a.j.l.DirectJDKLog [main] Starting ProtocolHandler ["http-nio-9004"]
2024-03-26 12:18:02,791 INFO o.s.b.w.e.t.TomcatWebServer [main] Tomcat started on port 9004 (http) with context path ''
2024-03-26 12:18:02,815 INFO o.s.b.StartupInfoLogger [main] Started Main in 6.905 seconds (process running for 7.582)
2024-03-26 12:18:12,954 INFO o.s.o.j.AbstractEntityManagerFactoryBean [SpringApplicationShutdownHook] Closing JPA EntityManagerFactory for persistence unit 'default'
2024-03-26 12:18:12,962 INFO c.z.h.HikariDataSource [SpringApplicationShutdownHook] HikariPool-1 - Shutdown initiated...
2024-03-26 12:18:12,965 INFO c.z.h.HikariDataSource [SpringApplicationShutdownHook] HikariPool-1 - Shutdown completed.
2024-03-26 13:09:27,800 INFO o.s.b.StartupInfoLogger [main] Starting Main using Java 21.0.1 with PID 28716 (C:\Users\U43SGB\IdeaProjects\capstone-backend2\target\classes started by U43SGB in C:\Users\U43SGB\IdeaProjects\capstone-backend2)
2024-03-26 13:09:27,802 INFO o.s.b.SpringApplication [main] No active profile set, falling back to 1 default profile: "default"
2024-03-26 13:09:28,666 INFO o.s.d.r.c.RepositoryConfigurationDelegate [main] Bootstrapping Spring Data JPA repositories in DEFAULT mode.
2024-03-26 13:09:28,722 INFO o.s.d.r.c.RepositoryConfigurationDelegate [main] Finished Spring Data repository scanning in 45 ms. Found 2 JPA repository interfaces.
2024-03-26 13:09:29,450 INFO o.s.b.w.e.t.TomcatWebServer [main] Tomcat initialized with port 9004 (http)
2024-03-26 13:09:29,460 INFO o.a.j.l.DirectJDKLog [main] Initializing ProtocolHandler ["http-nio-9004"]
2024-03-26 13:09:29,462 INFO o.a.j.l.DirectJDKLog [main] Starting service [Tomcat]
2024-03-26 13:09:29,463 INFO o.a.j.l.DirectJDKLog [main] Starting Servlet engine: [Apache Tomcat/10.1.19]
2024-03-26 13:09:29,532 INFO o.a.j.l.DirectJDKLog [main] Initializing Spring embedded WebApplicationContext
2024-03-26 13:09:29,533 INFO o.s.b.w.s.c.ServletWebServerApplicationContext [main] Root WebApplicationContext: initialization completed in 1689 ms
2024-03-26 13:09:29,890 INFO o.h.j.i.u.LogHelper [main] HHH000204: Processing PersistenceUnitInfo [name: default]
2024-03-26 13:09:29,953 INFO o.h.Version [main] HHH000412: Hibernate ORM core version 6.4.4.Final
2024-03-26 13:09:29,994 INFO o.h.c.i.RegionFactoryInitiator [main] HHH000026: Second-level cache disabled
2024-03-26 13:09:30,236 INFO o.s.o.j.p.SpringPersistenceUnitInfo [main] No LoadTimeWeaver setup: ignoring JPA class transformer
2024-03-26 13:09:30,272 INFO c.z.h.HikariDataSource [main] HikariPool-1 - Starting...
2024-03-26 13:09:30,440 INFO c.z.h.p.HikariPool [main] HikariPool-1 - Added connection conn0: url=jdbc:h2:mem:91145569-e75a-4b97-b28e-c0e8deb1a8eb user=SA
2024-03-26 13:09:30,441 INFO c.z.h.HikariDataSource [main] HikariPool-1 - Start completed.
2024-03-26 13:09:31,358 INFO o.h.e.t.j.p.i.JtaPlatformInitiator [main] HHH000489: No JTA platform available (set 'hibernate.transaction.jta.platform' to enable JTA platform integration)
2024-03-26 13:09:31,406 INFO o.s.o.j.AbstractEntityManagerFactoryBean [main] Initialized JPA EntityManagerFactory for persistence unit 'default'
2024-03-26 13:09:31,790 WARN o.s.b.a.o.j.JpaBaseConfiguration$JpaWebConfiguration [main] spring.jpa.open-in-view is enabled by default. Therefore, database queries may be performed during view rendering. Explicitly configure spring.jpa.open-in-view to disable this warning
2024-03-26 13:09:32,420 INFO o.s.b.a.e.w.EndpointLinksResolver [main] Exposing 1 endpoint(s) beneath base path '/actuator'
2024-03-26 13:09:32,472 INFO o.a.j.l.DirectJDKLog [main] Starting ProtocolHandler ["http-nio-9004"]
2024-03-26 13:09:32,496 INFO o.s.b.w.e.t.TomcatWebServer [main] Tomcat started on port 9004 (http) with context path ''
2024-03-26 13:09:32,508 INFO o.s.b.StartupInfoLogger [main] Started Main in 5.22 seconds (process running for 5.745)
2024-03-26 13:16:45,888 INFO o.s.b.StartupInfoLogger [main] Starting Main using Java 21.0.1 with PID 5180 (C:\Users\U43SGB\IdeaProjects\capstone-backend2\target\classes started by U43SGB in C:\Users\U43SGB\IdeaProjects\capstone-backend2)
2024-03-26 13:16:45,891 INFO o.s.b.SpringApplication [main] No active profile set, falling back to 1 default profile: "default"
2024-03-26 13:16:47,012 INFO o.s.d.r.c.RepositoryConfigurationDelegate [main] Bootstrapping Spring Data JPA repositories in DEFAULT mode.
2024-03-26 13:16:47,081 INFO o.s.d.r.c.RepositoryConfigurationDelegate [main] Finished Spring Data repository scanning in 60 ms. Found 2 JPA repository interfaces.
2024-03-26 13:16:48,159 INFO o.s.b.w.e.t.TomcatWebServer [main] Tomcat initialized with port 9004 (http)
2024-03-26 13:16:48,174 INFO o.a.j.l.DirectJDKLog [main] Initializing ProtocolHandler ["http-nio-9004"]
2024-03-26 13:16:48,177 INFO o.a.j.l.DirectJDKLog [main] Starting service [Tomcat]
2024-03-26 13:16:48,178 INFO o.a.j.l.DirectJDKLog [main] Starting Servlet engine: [Apache Tomcat/10.1.19]
2024-03-26 13:16:48,273 INFO o.a.j.l.DirectJDKLog [main] Initializing Spring embedded WebApplicationContext
2024-03-26 13:16:48,275 INFO o.s.b.w.s.c.ServletWebServerApplicationContext [main] Root WebApplicationContext: initialization completed in 2329 ms
2024-03-26 13:16:48,727 INFO o.h.j.i.u.LogHelper [main] HHH000204: Processing PersistenceUnitInfo [name: default]
2024-03-26 13:16:48,832 INFO o.h.Version [main] HHH000412: Hibernate ORM core version 6.4.4.Final
2024-03-26 13:16:48,876 INFO o.h.c.i.RegionFactoryInitiator [main] HHH000026: Second-level cache disabled
2024-03-26 13:16:49,193 INFO o.s.o.j.p.SpringPersistenceUnitInfo [main] No LoadTimeWeaver setup: ignoring JPA class transformer
2024-03-26 13:16:49,230 INFO c.z.h.HikariDataSource [main] HikariPool-1 - Starting...
2024-03-26 13:16:49,476 INFO c.z.h.p.HikariPool [main] HikariPool-1 - Added connection conn0: url=jdbc:h2:mem:bcbe4365-ec1e-43ce-9678-8c9db7e41e08 user=SA
2024-03-26 13:16:49,478 INFO c.z.h.HikariDataSource [main] HikariPool-1 - Start completed.
2024-03-26 13:16:50,648 INFO o.h.e.t.j.p.i.JtaPlatformInitiator [main] HHH000489: No JTA platform available (set 'hibernate.transaction.jta.platform' to enable JTA platform integration)
2024-03-26 13:16:50,702 INFO o.s.o.j.AbstractEntityManagerFactoryBean [main] Initialized JPA EntityManagerFactory for persistence unit 'default'
2024-03-26 13:16:51,301 WARN o.s.b.a.o.j.JpaBaseConfiguration$JpaWebConfiguration [main] spring.jpa.open-in-view is enabled by default. Therefore, database queries may be performed during view rendering. Explicitly configure spring.jpa.open-in-view to disable this warning
2024-03-26 13:16:52,204 INFO o.s.b.a.e.w.EndpointLinksResolver [main] Exposing 1 endpoint(s) beneath base path '/actuator'
2024-03-26 13:16:52,276 INFO o.a.j.l.DirectJDKLog [main] Starting ProtocolHandler ["http-nio-9004"]
2024-03-26 13:16:52,309 INFO o.s.b.w.e.t.TomcatWebServer [main] Tomcat started on port 9004 (http) with context path ''
2024-03-26 13:16:52,328 INFO o.s.b.StartupInfoLogger [main] Started Main in 7.121 seconds (process running for 7.81)
2024-03-26 13:17:07,366 INFO o.s.o.j.AbstractEntityManagerFactoryBean [SpringApplicationShutdownHook] Closing JPA EntityManagerFactory for persistence unit 'default'
2024-03-26 13:17:07,372 INFO c.z.h.HikariDataSource [SpringApplicationShutdownHook] HikariPool-1 - Shutdown initiated...
2024-03-26 13:17:07,374 INFO c.z.h.HikariDataSource [SpringApplicationShutdownHook] HikariPool-1 - Shutdown completed.
